<?xml version="1.0" encoding="UTF-8"?>
<!-- Generated by org.testng.reporters.JUnitXMLReporter -->
<testsuite ignored="0" hostname="DESKTOP-85O4IHO" failures="0" tests="3" name="Default test" time="0.056" errors="0" timestamp="2022-03-01T19:56:40 EST">
  <testcase classname="com.orgtest.Sample2" name="tiger" time="0.009"/>
  <testcase classname="com.orgtest.Sample2" name="elephant" time="0.002"/>
  <testcase classname="com.orgtest.Sample2" name="lion" time="0.001"/>
</testsuite> <!-- Default test -->
