<?xml version="1.0" encoding="UTF-8"?>
<!-- Generated by org.testng.reporters.JUnitXMLReporter -->
<testsuite ignored="0" hostname="DESKTOP-85O4IHO" failures="0" tests="3" name="Test" time="14.162" errors="0" timestamp="2022-03-01T21:56:20 EST">
  <testcase classname="com.orgtest.MintSample" name="mint" time="4.64"/>
  <testcase classname="com.orgtest.MedPlusSample" name="medplus" time="5.601"/>
  <testcase classname="com.orgtest.MintSample" name="mint" time="3.869"/>
</testsuite> <!-- Test -->
